<?xml version="1.0" encoding="UTF-8" ?>
<testsuite tests="1" failures="0" name="org.vertex.omlisp.lexer.LexerTest" time="0.006" errors="0" skipped="0">
  <properties>
    <property name="java.runtime.name" value="Java(TM) SE Runtime Environment"/>
    <property name="java.vm.version" value="17.0.3.1+2-LTS-6"/>
    <property name="sun.boot.library.path" value="C:\Program Files\Java\jdk-17.0.3.1\bin"/>
    <property name="maven.multiModuleProjectDirectory" value="C:\Users\Adi\Documents\OMLisp"/>
    <property name="java.vm.vendor" value="Oracle Corporation"/>
    <property name="java.vendor.url" value="https://java.oracle.com/"/>
    <property name="guice.disable.misplaced.annotation.check" value="true"/>
    <property name="path.separator" value=";"/>
    <property name="java.vm.name" value="Java HotSpot(TM) 64-Bit Server VM"/>
    <property name="sun.os.patch.level" value=""/>
    <property name="user.script" value=""/>
    <property name="user.country" value="RU"/>
    <property name="sun.java.launcher" value="SUN_STANDARD"/>
    <property name="java.vm.specification.name" value="Java Virtual Machine Specification"/>
    <property name="user.dir" value="C:\Users\Adi\Documents\OMLisp"/>
    <property name="java.vm.compressedOopsMode" value="Zero based"/>
    <property name="java.runtime.version" value="17.0.3.1+2-LTS-6"/>
    <property name="os.arch" value="amd64"/>
    <property name="java.io.tmpdir" value="C:\Users\Adi\AppData\Local\Temp\"/>
    <property name="line.separator" value="
"/>
    <property name="java.vm.specification.vendor" value="Oracle Corporation"/>
    <property name="user.variant" value=""/>
    <property name="os.name" value="Windows 10"/>
    <property name="classworlds.conf" value="C:\Program Files\Java\jdk-16.0.2\apache-maven-3.8.6\bin\m2.conf"/>
    <property name="sun.jnu.encoding" value="Cp1251"/>
    <property name="java.library.path" value="C:\Program Files\Java\jdk-17.0.3.1\bin;C:\Windows\Sun\Java\bin;C:\Windows\system32;C:\Windows;C:\Program Files (x86)\Common Files\Intel\Shared Libraries\redist\intel64_win\compiler;C:\Program Files\Common Files\Oracle\Java\javapath;C:\Program Files (x86)\Common Files\Oracle\Java\javapath;C:\Program Files (x86)\ActiveState Komodo IDE 12\;C:\ProgramData\Oracle\Java\javapath;C:\Program Files\Alacritty\;C:\Program Files\AdoptOpenJDK\jdk-11.0.10.9-hotspot\bin;C:\Program Files (x86)\Common Files\Intel\Shared Libraries\redist\intel64\compiler;C:\Windows\system32;C:\Windows;C:\Windows\System32\Wbem;C:\Windows\System32\WindowsPowerShell\v1.0\;C:\Windows\System32\OpenSSH\;C:\Program Files\NVIDIA Corporation\NVIDIA NvDLISR;C:\Users\Adi\AppData\Local\Programs\Python\Python39\;C:\Users\Adi\AppData\Local\Programs\Python\Python39\Scripts\;C:\Program Files\Git\cmd;C:\Program Files (x86)\Vim\vim82\vim.exe;C:\MinGW\bin\;C:\Program Files (x86)\Vim\vim82\;C:\Program Files (x86)\NVIDIA Corporation\PhysX\Common;C:\PHP\;C:\Program Files\dotnet\;C:\Program Files\heroku\bin\;C:\Program Files\WezTerm;C:\ProgramData\chocolatey\bin;C:\Program Files (x86)\JoeEditor\;C:\Users\Adi\AppData\Local\bin\NASM\;C:\FPC\3.2.0\bin\i386-Win32;%USERPROFILE%\.cargo\bin;C:\Program Files\Go\bin;%GOPATH%;C:\Program Files\Go\bin\;C:\Program Files\LLVM\bin;C:\Users\Adi\AppData\Roaming\npm\;C:\Program Files\CMake\bin\;C;C:\Program Files\Microsoft SQL Server\130\Tools\Binn\;C:\Program Files\nodejs\;C:\Program Files\Java\jdk-16.0.2\apache-maven-3.8.6\bin\;C:\Users\Adi\AppData\Local\ActiveState\StateTool\release;C:\Users\Adi\scoop\shims;C:\Users\Adi\.cargo\bin;C:\Users\Adi\AppData\Local\Microsoft\WindowsApps;C:\Users\Adi\AppData\Local\Programs\Microsoft VS Code\bin;C:\FFPMEG\bin\;C:\Users\Adi\AppData\Local\atom\bin;?:\PHP;C:\Users\Adi\.dotnet\tools;C:\Users\Adi\AppData\Local\Programs\MiKTeX\miktex\bin\x64\;C:\Users\Adi\AppData\Local\Programs\Fiddler;C:\Users\Adi\AppData\Local\Pandoc\;C:\Users\Adi\.cargo\bin;C:\Users\Adi\go\bin;C:\Users\Adi\AppData\Local\GitHubDesktop\bin;C:\tools\neovim\Neovim\bin;C:\Users\Adi\AppData\Local\Programs\Hyper\resources\bin;C:\Program Files\JetBrains\IntelliJ IDEA Community Edition 2022.1.2\bin;;."/>
    <property name="maven.conf" value="C:\Program Files\Java\jdk-16.0.2\apache-maven-3.8.6/conf"/>
    <property name="jdk.debug" value="release"/>
    <property name="java.class.version" value="61.0"/>
    <property name="java.specification.name" value="Java Platform API Specification"/>
    <property name="sun.management.compiler" value="HotSpot 64-Bit Tiered Compilers"/>
    <property name="os.version" value="10.0"/>
    <property name="library.jansi.path" value="C:\Program Files\Java\jdk-16.0.2\apache-maven-3.8.6\lib\jansi-native"/>
    <property name="user.home" value="C:\Users\Adi"/>
    <property name="user.timezone" value="Asia/Almaty"/>
    <property name="file.encoding" value="Cp1251"/>
    <property name="java.specification.version" value="17"/>
    <property name="user.name" value="Adi"/>
    <property name="java.class.path" value="C:\Program Files\Java\jdk-16.0.2\apache-maven-3.8.6\boot\plexus-classworlds-2.6.0.jar"/>
    <property name="java.vm.specification.version" value="17"/>
    <property name="sun.arch.data.model" value="64"/>
    <property name="sun.java.command" value="org.codehaus.plexus.classworlds.launcher.Launcher test"/>
    <property name="java.home" value="C:\Program Files\Java\jdk-17.0.3.1"/>
    <property name="user.language" value="ru"/>
    <property name="java.specification.vendor" value="Oracle Corporation"/>
    <property name="java.vm.info" value="mixed mode, sharing"/>
    <property name="java.version" value="17.0.3.1"/>
    <property name="native.encoding" value="Cp1251"/>
    <property name="java.vendor" value="Oracle Corporation"/>
    <property name="sun.stderr.encoding" value="cp866"/>
    <property name="maven.home" value="C:\Program Files\Java\jdk-16.0.2\apache-maven-3.8.6"/>
    <property name="file.separator" value="\"/>
    <property name="java.version.date" value="2022-04-22"/>
    <property name="java.vendor.url.bug" value="https://bugreport.java.com/bugreport/"/>
    <property name="sun.io.unicode.encoding" value="UnicodeLittle"/>
    <property name="sun.cpu.endian" value="little"/>
    <property name="sun.stdout.encoding" value="cp866"/>
    <property name="sun.cpu.isalist" value="amd64"/>
  </properties>
  <testcase classname="org.vertex.omlisp.lexer.LexerTest" name="testEOF" time="0.006"/>
</testsuite>